{"meta": {"format": 3, "version": "7.6.8", "timestamp": "2026-01-12T19:14:24.636576", "branch_coverage": false, "show_contexts": false}, "files": {"custom_components\\yandex_disk_backup\\__init__.py": {"executed_lines": [1, 3, 4, 6, 7, 8, 10, 11, 13, 15, 16, 19, 31, 32, 35, 45, 48, 50, 52, 56, 59, 62, 64, 67, 78, 81, 82, 85], "summary": {"covered_lines": 27, "num_statements": 29, "percent_covered": 93.10344827586206, "percent_covered_display": "93", "missing_lines": 2, "excluded_lines": 0}, "missing_lines": [53, 83], "excluded_lines": [], "functions": {"async_setup": {"executed_lines": [31, 32], "summary": {"covered_lines": 2, "num_statements": 2, "percent_covered": 100.0, "percent_covered_display": "100", "missing_lines": 0, "excluded_lines": 0}, "missing_lines": [], "excluded_lines": []}, "async_setup_entry": {"executed_lines": [45, 48, 50, 56, 59, 62, 64], "summary": {"covered_lines": 7, "num_statements": 7, "percent_covered": 100.0, "percent_covered_display": "100", "missing_lines": 0, "excluded_lines": 0}, "missing_lines": [], "excluded_lines": []}, "async_setup_entry.async_notify_backup_listeners": {"executed_lines": [52], "summary": {"covered_lines": 1, "num_statements": 2, "percent_covered": 50.0, "percent_covered_display": "50", "missing_lines": 1, "excluded_lines": 0}, "missing_lines": [53], "excluded_lines": []}, "async_unload_entry": {"executed_lines": [78, 81, 82, 85], "summary": {"covered_lines": 4, "num_statements": 5, "percent_covered": 80.0, "percent_covered_display": "80", "missing_lines": 1, "excluded_lines": 0}, "missing_lines": [83], "excluded_lines": []}, "": {"executed_lines": [1, 3, 4, 6, 7, 8, 10, 11, 13, 15, 16, 19, 35, 67], "summary": {"covered_lines": 13, "num_statements": 13, "percent_covered": 100.0, "percent_covered_display": "100", "missing_lines": 0, "excluded_lines": 0}, "missing_lines": [], "excluded_lines": []}}, "classes": {"": {"executed_lines": [1, 3, 4, 6, 7, 8, 10, 11, 13, 15, 16, 19, 31, 32, 35, 45, 48, 50, 52, 56, 59, 62, 64, 67, 78, 81, 82, 85], "summary": {"covered_lines": 27, "num_statements": 29, "percent_covered": 93.10344827586206, "percent_covered_display": "93", "missing_lines": 2, "excluded_lines": 0}, "missing_lines": [53, 83], "excluded_lines": []}}}, "custom_components\\yandex_disk_backup\\backup.py": {"executed_lines": [1, 3, 4, 5, 6, 7, 8, 11, 12, 20, 21, 25, 26, 27, 29, 39, 40, 42, 43, 45, 46, 47, 49, 60, 71, 72, 78, 79, 95, 97, 98, 100, 101, 102, 104, 107, 108, 110, 111, 113, 126, 127, 128, 129, 130, 131, 132, 134, 140, 142, 148, 151, 152, 154, 172, 174, 175, 176, 177, 179, 180, 181, 183, 184, 187, 188, 189, 190, 195, 199, 217, 219, 220, 221, 224, 225, 227, 244, 264, 265, 267, 269, 272, 275, 276, 277, 278, 279, 289, 295, 297, 322, 323, 332, 335, 338, 339, 340, 341, 349, 355, 358, 359, 360, 361, 362, 363, 366, 367, 368, 370, 386, 387, 388, 389, 391, 392, 394, 395, 397, 398, 399, 402, 403, 404, 405, 406, 407, 410, 411, 412, 413, 423, 439, 440, 441, 443, 446, 447, 448, 449, 450, 459, 460, 462, 463, 469, 477, 478, 479, 486, 489, 491, 493, 494, 502, 505, 512, 516, 517, 518, 520, 536, 544, 545, 546, 548, 550, 551, 552, 553, 556, 557, 558, 560, 579, 580, 581, 583, 585, 586, 589, 591, 593, 596, 599, 606, 607, 609, 632, 633, 643, 644, 645, 647, 660, 661, 662, 663, 665, 669, 675, 677, 691, 692, 693, 694, 695, 696, 697, 698, 699, 700, 701, 702, 703, 704, 706, 712, 713, 714, 715, 716, 718, 719, 720, 721, 722, 723, 725, 734, 735, 736, 738, 740, 741, 745, 749, 750, 751, 752, 755, 757, 758, 767, 776, 778, 779, 780, 781, 784, 785, 786, 788, 789, 790, 795, 796, 808, 810, 811, 821, 822, 826, 828, 833, 834, 835, 836], "summary": {"covered_lines": 267, "num_statements": 329, "percent_covered": 81.15501519756839, "percent_covered_display": "81", "missing_lines": 62, "excluded_lines": 0}, "missing_lines": [185, 186, 191, 192, 196, 197, 229, 230, 231, 232, 233, 234, 235, 236, 237, 240, 241, 242, 303, 304, 305, 306, 307, 308, 309, 314, 316, 346, 347, 356, 357, 401, 414, 416, 419, 421, 554, 555, 623, 624, 625, 626, 627, 628, 629, 630, 667, 739, 742, 746, 760, 761, 762, 763, 764, 765, 797, 798, 799, 802, 803, 804], "excluded_lines": [], "functions": {"async_get_backup_agents": {"executed_lines": [71, 72], "summary": {"covered_lines": 2, "num_statements": 2, "percent_covered": 100.0, "percent_covered_display": "100", "missing_lines": 0, "excluded_lines": 0}, "missing_lines": [], "excluded_lines": []}, "async_register_backup_agents_listener": {"executed_lines": [95, 97, 98, 104], "summary": {"covered_lines": 4, "num_statements": 4, "percent_covered": 100.0, "percent_covered_display": "100", "missing_lines": 0, "excluded_lines": 0}, "missing_lines": [], "excluded_lines": []}, "async_register_backup_agents_listener.remove_listener": {"executed_lines": [100, 101, 102], "summary": {"covered_lines": 3, "num_statements": 3, "percent_covered": 100.0, "percent_covered_display": "100", "missing_lines": 0, "excluded_lines": 0}, "missing_lines": [], "excluded_lines": []}, "YandexDiskBackupAgent.__init__": {"executed_lines": [126, 127, 128, 129, 130, 131, 132], "summary": {"covered_lines": 7, "num_statements": 7, "percent_covered": 100.0, "percent_covered_display": "100", "missing_lines": 0, "excluded_lines": 0}, "missing_lines": [], "excluded_lines": []}, "YandexDiskBackupAgent._get_client": {"executed_lines": [140, 142, 151, 152], "summary": {"covered_lines": 4, "num_statements": 4, "percent_covered": 100.0, "percent_covered_display": "100", "missing_lines": 0, "excluded_lines": 0}, "missing_lines": [], "excluded_lines": []}, "YandexDiskBackupAgent._get_client._create_client": {"executed_lines": [148], "summary": {"covered_lines": 1, "num_statements": 1, "percent_covered": 100.0, "percent_covered_display": "100", "missing_lines": 0, "excluded_lines": 0}, "missing_lines": [], "excluded_lines": []}, "YandexDiskBackupAgent.async_download_backup": {"executed_lines": [172, 174, 175, 176, 177, 179, 180, 181, 183, 184, 187, 188, 189, 190, 195], "summary": {"covered_lines": 15, "num_statements": 21, "percent_covered": 71.42857142857143, "percent_covered_display": "71", "missing_lines": 6, "excluded_lines": 0}, "missing_lines": [185, 186, 191, 192, 196, 197], "excluded_lines": []}, "YandexDiskBackupAgent._download_stream": {"executed_lines": [217, 219, 220, 221, 224, 225, 227], "summary": {"covered_lines": 7, "num_statements": 19, "percent_covered": 36.8421052631579, "percent_covered_display": "37", "missing_lines": 12, "excluded_lines": 0}, "missing_lines": [229, 230, 231, 232, 233, 234, 235, 236, 237, 240, 241, 242], "excluded_lines": []}, "YandexDiskBackupAgent.async_upload_backup": {"executed_lines": [264, 265, 267, 269, 272, 275, 276, 277, 278, 279, 289, 295, 297, 322, 323, 332, 335, 338, 339, 340, 341, 349, 355, 358, 359, 360, 361, 362, 363, 366, 367, 368], "summary": {"covered_lines": 32, "num_statements": 36, "percent_covered": 88.88888888888889, "percent_covered_display": "89", "missing_lines": 4, "excluded_lines": 0}, "missing_lines": [346, 347, 356, 357], "excluded_lines": []}, "YandexDiskBackupAgent.async_upload_backup.stream_generator": {"executed_lines": [], "summary": {"covered_lines": 0, "num_statements": 9, "percent_covered": 0.0, "percent_covered_display": "0", "missing_lines": 9, "excluded_lines": 0}, "missing_lines": [303, 304, 305, 306, 307, 308, 309, 314, 316], "excluded_lines": []}, "YandexDiskBackupAgent.async_delete_backup": {"executed_lines": [386, 387, 388, 389, 391, 392, 394, 395, 397, 398, 399, 402, 403, 404, 405, 406, 407, 410, 411, 412, 413], "summary": {"covered_lines": 21, "num_statements": 26, "percent_covered": 80.76923076923077, "percent_covered_display": "81", "missing_lines": 5, "excluded_lines": 0}, "missing_lines": [401, 414, 416, 419, 421], "excluded_lines": []}, "YandexDiskBackupAgent.async_list_backups": {"executed_lines": [439, 440, 441, 443, 446, 447, 448, 449, 450, 459, 460, 462, 463, 469, 477, 478, 479, 486, 489, 491, 493, 494, 502, 505, 512, 516, 517, 518, 520, 536, 544, 545, 546, 548, 550, 551, 552, 553, 556, 557, 558], "summary": {"covered_lines": 41, "num_statements": 43, "percent_covered": 95.34883720930233, "percent_covered_display": "95", "missing_lines": 2, "excluded_lines": 0}, "missing_lines": [554, 555], "excluded_lines": []}, "YandexDiskBackupAgent.async_get_backup": {"executed_lines": [579, 580, 581, 583, 585, 586, 589, 591, 593, 596, 599, 606, 607, 609], "summary": {"covered_lines": 14, "num_statements": 22, "percent_covered": 63.63636363636363, "percent_covered_display": "64", "missing_lines": 8, "excluded_lines": 0}, "missing_lines": [623, 624, 625, 626, 627, 628, 629, 630], "excluded_lines": []}, "YandexDiskBackupAgent._get_metadata_path": {"executed_lines": [643, 644, 645], "summary": {"covered_lines": 3, "num_statements": 3, "percent_covered": 100.0, "percent_covered_display": "100", "missing_lines": 0, "excluded_lines": 0}, "missing_lines": [], "excluded_lines": []}, "YandexDiskBackupAgent._upload_metadata": {"executed_lines": [660, 661, 662, 663, 665, 669, 675], "summary": {"covered_lines": 7, "num_statements": 7, "percent_covered": 100.0, "percent_covered_display": "100", "missing_lines": 0, "excluded_lines": 0}, "missing_lines": [], "excluded_lines": []}, "YandexDiskBackupAgent._upload_metadata.metadata_generator": {"executed_lines": [], "summary": {"covered_lines": 0, "num_statements": 1, "percent_covered": 0.0, "percent_covered_display": "0", "missing_lines": 1, "excluded_lines": 0}, "missing_lines": [667], "excluded_lines": []}, "YandexDiskBackupAgent._load_metadata": {"executed_lines": [691, 692, 693, 694, 695, 696, 697, 698, 699, 700, 701, 702, 703, 704], "summary": {"covered_lines": 14, "num_statements": 14, "percent_covered": 100.0, "percent_covered_display": "100", "missing_lines": 0, "excluded_lines": 0}, "missing_lines": [], "excluded_lines": []}, "YandexDiskBackupAgent._ensure_backup_folder": {"executed_lines": [712, 713, 714, 715, 716, 718, 719, 720, 721, 722, 723], "summary": {"covered_lines": 11, "num_statements": 11, "percent_covered": 100.0, "percent_covered_display": "100", "missing_lines": 0, "excluded_lines": 0}, "missing_lines": [], "excluded_lines": []}, "YandexDiskBackupAgent._resolve_filename": {"executed_lines": [734, 735, 736, 738, 740, 741, 745, 749, 750, 751, 752, 755, 757, 758], "summary": {"covered_lines": 14, "num_statements": 23, "percent_covered": 60.869565217391305, "percent_covered_display": "61", "missing_lines": 9, "excluded_lines": 0}, "missing_lines": [739, 742, 746, 760, 761, 762, 763, 764, 765], "excluded_lines": []}, "YandexDiskBackupAgent._get_disk_info_cached": {"executed_lines": [776, 778, 779, 780, 781, 784, 785, 786, 788, 789, 790, 795, 796], "summary": {"covered_lines": 13, "num_statements": 19, "percent_covered": 68.42105263157895, "percent_covered_display": "68", "missing_lines": 6, "excluded_lines": 0}, "missing_lines": [797, 798, 799, 802, 803, 804], "excluded_lines": []}, "YandexDiskBackupAgent._is_backup_file": {"executed_lines": [821, 822, 826], "summary": {"covered_lines": 3, "num_statements": 3, "percent_covered": 100.0, "percent_covered_display": "100", "missing_lines": 0, "excluded_lines": 0}, "missing_lines": [], "excluded_lines": []}, "YandexDiskBackupAgent.async_close": {"executed_lines": [833, 834, 835, 836], "summary": {"covered_lines": 4, "num_statements": 4, "percent_covered": 100.0, "percent_covered_display": "100", "missing_lines": 0, "excluded_lines": 0}, "missing_lines": [], "excluded_lines": []}, "": {"executed_lines": [1, 3, 4, 5, 6, 7, 8, 11, 12, 20, 21, 25, 26, 27, 29, 39, 40, 42, 43, 45, 46, 47, 49, 60, 78, 79, 107, 108, 110, 111, 113, 134, 154, 199, 244, 370, 423, 560, 632, 633, 647, 677, 706, 725, 767, 808, 810, 811, 828], "summary": {"covered_lines": 47, "num_statements": 47, "percent_covered": 100.0, "percent_covered_display": "100", "missing_lines": 0, "excluded_lines": 0}, "missing_lines": [], "excluded_lines": []}}, "classes": {"YandexDiskBackupAgent": {"executed_lines": [126, 127, 128, 129, 130, 131, 132, 140, 142, 148, 151, 152, 172, 174, 175, 176, 177, 179, 180, 181, 183, 184, 187, 188, 189, 190, 195, 217, 219, 220, 221, 224, 225, 227, 264, 265, 267, 269, 272, 275, 276, 277, 278, 279, 289, 295, 297, 322, 323, 332, 335, 338, 339, 340, 341, 349, 355, 358, 359, 360, 361, 362, 363, 366, 367, 368, 386, 387, 388, 389, 391, 392, 394, 395, 397, 398, 399, 402, 403, 404, 405, 406, 407, 410, 411, 412, 413, 439, 440, 441, 443, 446, 447, 448, 449, 450, 459, 460, 462, 463, 469, 477, 478, 479, 486, 489, 491, 493, 494, 502, 505, 512, 516, 517, 518, 520, 536, 544, 545, 546, 548, 550, 551, 552, 553, 556, 557, 558, 579, 580, 581, 583, 585, 586, 589, 591, 593, 596, 599, 606, 607, 609, 643, 644, 645, 660, 661, 662, 663, 665, 669, 675, 691, 692, 693, 694, 695, 696, 697, 698, 699, 700, 701, 702, 703, 704, 712, 713, 714, 715, 716, 718, 719, 720, 721, 722, 723, 734, 735, 736, 738, 740, 741, 745, 749, 750, 751, 752, 755, 757, 758, 776, 778, 779, 780, 781, 784, 785, 786, 788, 789, 790, 795, 796, 821, 822, 826, 833, 834, 835, 836], "summary": {"covered_lines": 211, "num_statements": 273, "percent_covered": 77.28937728937728, "percent_covered_display": "77", "missing_lines": 62, "excluded_lines": 0}, "missing_lines": [185, 186, 191, 192, 196, 197, 229, 230, 231, 232, 233, 234, 235, 236, 237, 240, 241, 242, 303, 304, 305, 306, 307, 308, 309, 314, 316, 346, 347, 356, 357, 401, 414, 416, 419, 421, 554, 555, 623, 624, 625, 626, 627, 628, 629, 630, 667, 739, 742, 746, 760, 761, 762, 763, 764, 765, 797, 798, 799, 802, 803, 804], "excluded_lines": []}, "": {"executed_lines": [1, 3, 4, 5, 6, 7, 8, 11, 12, 20, 21, 25, 26, 27, 29, 39, 40, 42, 43, 45, 46, 47, 49, 60, 71, 72, 78, 79, 95, 97, 98, 100, 101, 102, 104, 107, 108, 110, 111, 113, 134, 154, 199, 244, 370, 423, 560, 632, 633, 647, 677, 706, 725, 767, 808, 810, 811, 828], "summary": {"covered_lines": 56, "num_statements": 56, "percent_covered": 100.0, "percent_covered_display": "100", "missing_lines": 0, "excluded_lines": 0}, "missing_lines": [], "excluded_lines": []}}}, "custom_components\\yandex_disk_backup\\config_flow.py": {"executed_lines": [1, 3, 4, 5, 6, 7, 9, 10, 11, 12, 14, 22, 30, 43, 49, 51, 53, 54, 56, 57, 58, 59, 60, 61, 62, 63, 69, 70, 72, 74, 87, 99, 101, 103, 108, 109, 112, 113, 116, 117, 118, 121, 126, 132, 143, 145, 156, 158, 160, 165, 166, 168, 169, 171], "summary": {"covered_lines": 52, "num_statements": 56, "percent_covered": 92.85714285714286, "percent_covered_display": "93", "missing_lines": 4, "excluded_lines": 0}, "missing_lines": [64, 65, 66, 85], "excluded_lines": [], "functions": {"_async_validate_token": {"executed_lines": [43, 51, 53, 54, 56, 57, 58, 59, 60, 61, 62, 63], "summary": {"covered_lines": 12, "num_statements": 15, "percent_covered": 80.0, "percent_covered_display": "80", "missing_lines": 3, "excluded_lines": 0}, "missing_lines": [64, 65, 66], "excluded_lines": []}, "_async_validate_token._create_client": {"executed_lines": [49], "summary": {"covered_lines": 1, "num_statements": 1, "percent_covered": 100.0, "percent_covered_display": "100", "missing_lines": 0, "excluded_lines": 0}, "missing_lines": [], "excluded_lines": []}, "YandexDiskConfigFlow.is_matching": {"executed_lines": [], "summary": {"covered_lines": 0, "num_statements": 1, "percent_covered": 0.0, "percent_covered_display": "0", "missing_lines": 1, "excluded_lines": 0}, "missing_lines": [85], "excluded_lines": []}, "YandexDiskConfigFlow.async_step_user": {"executed_lines": [99, 101, 103, 108, 109, 112, 113, 116, 117, 118, 121, 126], "summary": {"covered_lines": 12, "num_statements": 12, "percent_covered": 100.0, "percent_covered_display": "100", "missing_lines": 0, "excluded_lines": 0}, "missing_lines": [], "excluded_lines": []}, "YandexDiskConfigFlow.async_step_reauth": {"executed_lines": [143], "summary": {"covered_lines": 1, "num_statements": 1, "percent_covered": 100.0, "percent_covered_display": "100", "missing_lines": 0, "excluded_lines": 0}, "missing_lines": [], "excluded_lines": []}, "YandexDiskConfigFlow.async_step_reauth_confirm": {"executed_lines": [156, 158, 160, 165, 166, 168, 169, 171], "summary": {"covered_lines": 8, "num_statements": 8, "percent_covered": 100.0, "percent_covered_display": "100", "missing_lines": 0, "excluded_lines": 0}, "missing_lines": [], "excluded_lines": []}, "": {"executed_lines": [1, 3, 4, 5, 6, 7, 9, 10, 11, 12, 14, 22, 30, 69, 70, 72, 74, 87, 132, 145], "summary": {"covered_lines": 18, "num_statements": 18, "percent_covered": 100.0, "percent_covered_display": "100", "missing_lines": 0, "excluded_lines": 0}, "missing_lines": [], "excluded_lines": []}}, "classes": {"YandexDiskConfigFlow": {"executed_lines": [99, 101, 103, 108, 109, 112, 113, 116, 117, 118, 121, 126, 143, 156, 158, 160, 165, 166, 168, 169, 171], "summary": {"covered_lines": 21, "num_statements": 22, "percent_covered": 95.45454545454545, "percent_covered_display": "95", "missing_lines": 1, "excluded_lines": 0}, "missing_lines": [85], "excluded_lines": []}, "": {"executed_lines": [1, 3, 4, 5, 6, 7, 9, 10, 11, 12, 14, 22, 30, 43, 49, 51, 53, 54, 56, 57, 58, 59, 60, 61, 62, 63, 69, 70, 72, 74, 87, 132, 145], "summary": {"covered_lines": 31, "num_statements": 34, "percent_covered": 91.17647058823529, "percent_covered_display": "91", "missing_lines": 3, "excluded_lines": 0}, "missing_lines": [64, 65, 66], "excluded_lines": []}}}, "custom_components\\yandex_disk_backup\\const.py": {"executed_lines": [1, 3, 5, 8, 9, 12, 15, 16, 17, 18, 21, 24, 27, 30, 33], "summary": {"covered_lines": 14, "num_statements": 14, "percent_covered": 100.0, "percent_covered_display": "100", "missing_lines": 0, "excluded_lines": 0}, "missing_lines": [], "excluded_lines": [], "functions": {"": {"executed_lines": [1, 3, 5, 8, 9, 12, 15, 16, 17, 18, 21, 24, 27, 30, 33], "summary": {"covered_lines": 14, "num_statements": 14, "percent_covered": 100.0, "percent_covered_display": "100", "missing_lines": 0, "excluded_lines": 0}, "missing_lines": [], "excluded_lines": []}}, "classes": {"": {"executed_lines": [1, 3, 5, 8, 9, 12, 15, 16, 17, 18, 21, 24, 27, 30, 33], "summary": {"covered_lines": 14, "num_statements": 14, "percent_covered": 100.0, "percent_covered_display": "100", "missing_lines": 0, "excluded_lines": 0}, "missing_lines": [], "excluded_lines": []}}}, "custom_components\\yandex_disk_backup\\diagnostics.py": {"executed_lines": [1, 3, 5, 6, 7, 9, 12, 26, 28, 33, 34, 36, 37, 50, 51, 53, 55, 56, 57, 58, 59, 60, 62], "summary": {"covered_lines": 22, "num_statements": 22, "percent_covered": 100.0, "percent_covered_display": "100", "missing_lines": 0, "excluded_lines": 0}, "missing_lines": [], "excluded_lines": [], "functions": {"async_get_config_entry_diagnostics": {"executed_lines": [26, 28, 33, 34, 36, 37, 50, 51, 53, 55, 56, 57, 58, 59, 60, 62], "summary": {"covered_lines": 16, "num_statements": 16, "percent_covered": 100.0, "percent_covered_display": "100", "missing_lines": 0, "excluded_lines": 0}, "missing_lines": [], "excluded_lines": []}, "": {"executed_lines": [1, 3, 5, 6, 7, 9, 12], "summary": {"covered_lines": 6, "num_statements": 6, "percent_covered": 100.0, "percent_covered_display": "100", "missing_lines": 0, "excluded_lines": 0}, "missing_lines": [], "excluded_lines": []}}, "classes": {"": {"executed_lines": [1, 3, 5, 6, 7, 9, 12, 26, 28, 33, 34, 36, 37, 50, 51, 53, 55, 56, 57, 58, 59, 60, 62], "summary": {"covered_lines": 22, "num_statements": 22, "percent_covered": 100.0, "percent_covered_display": "100", "missing_lines": 0, "excluded_lines": 0}, "missing_lines": [], "excluded_lines": []}}}}, "totals": {"covered_lines": 382, "num_statements": 450, "percent_covered": 84.88888888888889, "percent_covered_display": "85", "missing_lines": 68, "excluded_lines": 0}}